<?xml version="1.0" encoding="UTF-8"?>
<!-- Generated by org.testng.reporters.JUnitReportReporter -->
<testsuite skipped="0" hostname="DESKTOP-PMRKS2H" name="TestClasses.TestNG_TestClass2" tests="2" failures="0" timestamp="21 Dec 2018 12:28:57 GMT" time="0.006" errors="0">
  <testcase name="testMethod1" time="0.003" classname="TestClasses.TestNG_TestClass2"/>
  <testcase name="testMethod2" time="0.003" classname="TestClasses.TestNG_TestClass2"/>
</testsuite> <!-- TestClasses.TestNG_TestClass2 -->
