<?xml version="1.0" encoding="UTF-8"?>
<!-- Generated by org.testng.reporters.JUnitReportReporter -->
<testsuite skipped="0" hostname="DESKTOP-PMRKS2H" name="Regression_Test_Suite.TestNG_TestClass2" tests="2" failures="0" timestamp="23 Dec 2018 13:08:48 GMT" time="0.004" errors="0">
  <testcase name="testMethod2" time="0.001" classname="Regression_Test_Suite.TestNG_TestClass2"/>
  <testcase name="testMethod1" time="0.003" classname="Regression_Test_Suite.TestNG_TestClass2"/>
</testsuite> <!-- Regression_Test_Suite.TestNG_TestClass2 -->
