<?xml version="1.0" encoding="UTF-8"?>
<!-- Generated by org.testng.reporters.JUnitReportReporter -->
<testsuite skipped="0" hostname="DESKTOP-PMRKS2H" name="TestClasses.TestNg_BeforeAnnotation" tests="2" failures="0" timestamp="21 Dec 2018 12:02:01 GMT" time="0.025" errors="0">
  <testcase name="testMethod1" time="0.013" classname="TestClasses.TestNg_BeforeAnnotation"/>
  <testcase name="testMethod2" time="0.012" classname="TestClasses.TestNg_BeforeAnnotation"/>
</testsuite> <!-- TestClasses.TestNg_BeforeAnnotation -->
