<?xml version="1.0" encoding="UTF-8"?>
<!-- Generated by org.testng.reporters.JUnitReportReporter -->
<testsuite skipped="0" hostname="DESKTOP-PMRKS2H" name="TestClasses.TestSuiteLearning" tests="2" failures="0" timestamp="21 Dec 2018 12:28:57 GMT" time="0.020" errors="0">
  <testcase name="testMethod1" time="0.016" classname="TestClasses.TestSuiteLearning"/>
  <testcase name="testMethod2" time="0.004" classname="TestClasses.TestSuiteLearning"/>
</testsuite> <!-- TestClasses.TestSuiteLearning -->
