<?xml version="1.0" encoding="UTF-8"?>
<!-- Generated by org.testng.reporters.JUnitReportReporter -->
<testsuite skipped="0" hostname="DESKTOP-PMRKS2H" name="Regression_Test_Suite.TestSuiteLearning" tests="2" failures="0" timestamp="23 Dec 2018 13:08:47 GMT" time="0.012" errors="0">
  <testcase name="testMethod1" time="0.008" classname="Regression_Test_Suite.TestSuiteLearning"/>
  <testcase name="testMethod2" time="0.004" classname="Regression_Test_Suite.TestSuiteLearning"/>
</testsuite> <!-- Regression_Test_Suite.TestSuiteLearning -->
