<?xml version="1.0" encoding="UTF-8"?>
<!-- Generated by org.testng.reporters.JUnitReportReporter -->
<testsuite skipped="0" hostname="DESKTOP-PMRKS2H" name="TestClasses.TestAnnotations" tests="2" failures="0" timestamp="06 Dec 2018 12:16:08 GMT" time="0.021" errors="0">
  <testcase name="testMethod1" time="0.017" classname="TestClasses.TestAnnotations"/>
  <testcase name="testMethod2" time="0.004" classname="TestClasses.TestAnnotations"/>
</testsuite> <!-- TestClasses.TestAnnotations -->
